<?xml version="1.0" encoding="UTF-8"?>
<testsuite xmlns:xsi="http://www.w3.org/2001/XMLSchema-instance" xsi:noNamespaceSchemaLocation="https://maven.apache.org/surefire/maven-surefire-plugin/xsd/surefire-test-report-3.0.xsd" version="3.0" name="org.sonar.samples.java.checks.AvoidBrandInMethodNamesRuleTest" time="0.01" tests="1" errors="0" skipped="0" failures="0">
  <properties>
[...]
</properties>
  <testcase name="detected" classname="org.sonar.samples.java.checks.AvoidBrandInMethodNamesRuleTest" time="0.01">
    <system-out><![CDATA[INFO  1 source file to be analyzed
DEBUG CompilationUnitTree : [
  ClassTree
    ModifiersTree
    IdentifierTree
    TypeParameters : [
    VariableTree
      ModifiersTree
      PrimitiveTypeTree
      IdentifierTree
    MethodTree
      ModifiersTree
      TypeParameters
      PrimitiveTypeTree
      IdentifierTree
      BlockTree
    MethodTree
      ModifiersTree
      TypeParameters
      PrimitiveTypeTree
      IdentifierTree
      BlockTree
    MethodTree
      ModifiersTree
      TypeParameters
      PrimitiveTypeTree
      IdentifierTree
      BlockTree
    ]
  ]

INFO  1/1 source file has been analyzed
]]></system-out>
  </testcase>
</testsuite>